2024-10-02 00:21:50,402 DEBUG    root            Loaded Command Group: ['gcloud', 'init']
2024-10-02 00:21:50,403 DEBUG    root            Running [gcloud.init] with arguments: []
2024-10-02 00:21:50,403 INFO     ___FILE_ONLY___ Welcome! This command will take you through the configuration of gcloud.


2024-10-02 00:21:50,404 INFO     ___FILE_ONLY___ Your current configuration has been set to: [default]


2024-10-02 00:21:50,404 INFO     ___FILE_ONLY___ You can skip diagnostics next time by using the following flag:

2024-10-02 00:21:50,404 INFO     ___FILE_ONLY___   gcloud init --skip-diagnostics


2024-10-02 00:21:50,404 INFO     ___FILE_ONLY___ Network diagnostic detects and fixes local network connection issues.

2024-10-02 00:21:50,404 INFO     ___FILE_ONLY___ Checking network connection...
2024-10-02 00:21:52,087 DEBUG    urllib3.connectionpool Starting new HTTPS connection (1): accounts.google.com:443
2024-10-02 00:21:52,216 DEBUG    urllib3.connectionpool https://accounts.google.com:443 "GET / HTTP/1.1" 302 365
2024-10-02 00:21:52,263 DEBUG    urllib3.connectionpool https://accounts.google.com:443 "GET /ServiceLogin?passive=1209600&continue=https%3A%2F%2Faccounts.google.com%2F&followup=https%3A%2F%2Faccounts.google.com%2F HTTP/1.1" 302 0
2024-10-02 00:21:52,315 DEBUG    urllib3.connectionpool https://accounts.google.com:443 "GET /InteractiveLogin?continue=https://accounts.google.com/&followup=https://accounts.google.com/&passive=1209600&ifkv=ARpgrqcBnRG8764zRhS2xFqLj_5yMukEkUKZZr8paO2y4aIdoOCmpYaELyuox5t1I9DZEHNkeOcIRA HTTP/1.1" 302 554
2024-10-02 00:21:52,380 DEBUG    urllib3.connectionpool https://accounts.google.com:443 "GET /v3/signin/identifier?continue=https%3A%2F%2Faccounts.google.com%2F&followup=https%3A%2F%2Faccounts.google.com%2F&ifkv=ARpgrqf-xo4Qp43RbKMUH3X58I_XJgsax1DIJG9IV3JohRw97_nH6CfU6VDkQds7x2F0X9_E3Nllsg&passive=1209600&flowName=WebLiteSignIn&flowEntry=ServiceLogin&dsh=S1577455461%3A1727824912403315 HTTP/1.1" 200 None
2024-10-02 00:21:52,473 DEBUG    urllib3.connectionpool Starting new HTTPS connection (1): cloudresourcemanager.googleapis.com:443
2024-10-02 00:21:53,100 DEBUG    urllib3.connectionpool https://cloudresourcemanager.googleapis.com:443 "GET /v1beta1/projects HTTP/1.1" 401 None
2024-10-02 00:21:53,103 DEBUG    urllib3.connectionpool Starting new HTTPS connection (1): www.googleapis.com:443
2024-10-02 00:21:53,199 DEBUG    urllib3.connectionpool https://www.googleapis.com:443 "GET /auth/cloud-platform HTTP/1.1" 200 14
2024-10-02 00:21:53,202 DEBUG    urllib3.connectionpool Starting new HTTPS connection (1): dl.google.com:443
2024-10-02 00:21:53,310 DEBUG    urllib3.connectionpool https://dl.google.com:443 "GET /dl/cloudsdk/channels/rapid/components-2.json HTTP/1.1" 200 227002
2024-10-02 00:21:53,456 INFO     ___FILE_ONLY___ Reachability Check passed.

2024-10-02 00:21:53,456 INFO     ___FILE_ONLY___ Network diagnostic passed (1/1 checks passed).


2024-10-02 00:21:58,732 DEBUG    root            Loaded Command Group: ['gcloud', 'auth']
2024-10-02 00:21:58,742 DEBUG    root            Loaded Command Group: ['gcloud', 'auth', 'login']
2024-10-02 00:21:58,742 INFO     root            Executing: [gcloud auth login --force --brief]
2024-10-02 00:21:58,743 DEBUG    root            Running [gcloud.auth.login] with arguments: [--brief: "True", --force: "True"]
2024-10-02 00:21:58,820 DEBUG    requests_oauthlib.oauth2_session Generated new state 3r4UU2sGTLeY7DDM82GUkhojWge4sb.
2024-10-02 00:21:58,950 INFO     ___FILE_ONLY___ Your browser has been opened to visit:

    https://accounts.google.com/o/oauth2/auth?response_type=code&client_id=32555940559.apps.googleusercontent.com&redirect_uri=http%3A%2F%2Flocalhost%3A8086%2F&scope=openid+https%3A%2F%2Fwww.googleapis.com%2Fauth%2Fuserinfo.email+https%3A%2F%2Fwww.googleapis.com%2Fauth%2Fcloud-platform+https%3A%2F%2Fwww.googleapis.com%2Fauth%2Fappengine.admin+https%3A%2F%2Fwww.googleapis.com%2Fauth%2Fsqlservice.login+https%3A%2F%2Fwww.googleapis.com%2Fauth%2Fcompute+https%3A%2F%2Fwww.googleapis.com%2Fauth%2Faccounts.reauth&state=3r4UU2sGTLeY7DDM82GUkhojWge4sb&access_type=offline&code_challenge=GSl-OQuVJ8zh12jlxzHBNLt5I-0GOXvPOZpBcb_mi5w&code_challenge_method=S256


2024-10-02 00:22:06,104 INFO     google_auth_oauthlib.flow "GET /?state=3r4UU2sGTLeY7DDM82GUkhojWge4sb&code=4/0AVG7fiTKHlF1evtt3VeGO_hkVrl85mOYga1NCtNc9tOcalqS1HapOI2kg_tOJkjT0pATlw&scope=email%20openid%20https://www.googleapis.com/auth/userinfo.email%20https://www.googleapis.com/auth/cloud-platform%20https://www.googleapis.com/auth/appengine.admin%20https://www.googleapis.com/auth/sqlservice.login%20https://www.googleapis.com/auth/compute%20https://www.googleapis.com/auth/accounts.reauth&authuser=0&prompt=consent HTTP/1.1" 200 959
2024-10-02 00:22:06,105 DEBUG    requests_oauthlib.oauth2_session Requesting url https://oauth2.googleapis.com/token using method POST.
2024-10-02 00:22:06,105 DEBUG    requests_oauthlib.oauth2_session Supplying headers {b'Accept': b'application/json', b'Content-Type': b'application/x-www-form-urlencoded;charset=UTF-8', b'user-agent': b'google-cloud-sdk gcloud/495.0.0 command/gcloud.auth.login invocation-id/bb453d5c055f4fa9ad806a3f179a6f89 environment/None environment-version/None client-os/MACOSX client-os-ver/22.5.0 client-pltf-arch/arm interactive/True from-script/False python/3.12.3 term/xterm-256color (Macintosh; Intel Mac OS X 22.5.0)'} and data {'grant_type': 'authorization_code', 'client_id': '32555940559.apps.googleusercontent.com', 'client_secret': 'ZmssLNjJy2998hD4CTg2ejr2', 'code': '4/0AVG7fiTKHlF1evtt3VeGO_hkVrl85mOYga1NCtNc9tOcalqS1HapOI2kg_tOJkjT0pATlw', 'redirect_uri': 'http://localhost:8086/', 'code_verifier': 'CNF_5xjR5nLqnrw8SdDvc.2-hMwsLNGk1_byUtbxeyL5Fl4drNm_~5_MosEO4cNqBL7ztie3h~k0XzXFfsjjnlkmZWCvxy5UXKz4R1~Bw-5QT6AxvhY3njQ2bLgA2CsM'}
2024-10-02 00:22:06,105 DEBUG    requests_oauthlib.oauth2_session Passing through key word arguments {'json': None, 'timeout': None, 'auth': None, 'verify': None, 'proxies': None}.
2024-10-02 00:22:06,111 DEBUG    urllib3.connectionpool Starting new HTTPS connection (1): oauth2.googleapis.com:443
2024-10-02 00:22:06,260 DEBUG    urllib3.connectionpool https://oauth2.googleapis.com:443 "POST /token HTTP/1.1" 200 None
2024-10-02 00:22:06,261 DEBUG    requests_oauthlib.oauth2_session Prepared fetch token request body grant_type=authorization_code&client_id=32555940559.apps.googleusercontent.com&client_secret=ZmssLNjJy2998hD4CTg2ejr2&code=4%2F0AVG7fiTKHlF1evtt3VeGO_hkVrl85mOYga1NCtNc9tOcalqS1HapOI2kg_tOJkjT0pATlw&redirect_uri=http%3A%2F%2Flocalhost%3A8086%2F&code_verifier=CNF_5xjR5nLqnrw8SdDvc.2-hMwsLNGk1_byUtbxeyL5Fl4drNm_~5_MosEO4cNqBL7ztie3h~k0XzXFfsjjnlkmZWCvxy5UXKz4R1~Bw-5QT6AxvhY3njQ2bLgA2CsM
2024-10-02 00:22:06,261 DEBUG    requests_oauthlib.oauth2_session Request to fetch token completed with status 200.
2024-10-02 00:22:06,261 DEBUG    requests_oauthlib.oauth2_session Request headers were {'user-agent': b'google-cloud-sdk gcloud/495.0.0 command/gcloud.auth.login invocation-id/bb453d5c055f4fa9ad806a3f179a6f89 environment/None environment-version/None client-os/MACOSX client-os-ver/22.5.0 client-pltf-arch/arm interactive/True from-script/False python/3.12.3 term/xterm-256color (Macintosh; Intel Mac OS X 22.5.0)', 'Accept-Encoding': 'gzip, deflate', 'Accept': b'application/json', 'Connection': 'keep-alive', 'Content-Type': b'application/x-www-form-urlencoded;charset=UTF-8', 'Content-Length': '387'}
2024-10-02 00:22:06,261 DEBUG    requests_oauthlib.oauth2_session Request body was grant_type=authorization_code&client_id=32555940559.apps.googleusercontent.com&client_secret=ZmssLNjJy2998hD4CTg2ejr2&code=4%2F0AVG7fiTKHlF1evtt3VeGO_hkVrl85mOYga1NCtNc9tOcalqS1HapOI2kg_tOJkjT0pATlw&redirect_uri=http%3A%2F%2Flocalhost%3A8086%2F&code_verifier=CNF_5xjR5nLqnrw8SdDvc.2-hMwsLNGk1_byUtbxeyL5Fl4drNm_~5_MosEO4cNqBL7ztie3h~k0XzXFfsjjnlkmZWCvxy5UXKz4R1~Bw-5QT6AxvhY3njQ2bLgA2CsM
2024-10-02 00:22:06,261 DEBUG    requests_oauthlib.oauth2_session Response headers were {'Cache-Control': 'no-cache, no-store, max-age=0, must-revalidate', 'Date': 'Tue, 01 Oct 2024 23:22:06 GMT', 'Expires': 'Mon, 01 Jan 1990 00:00:00 GMT', 'Pragma': 'no-cache', 'Content-Type': 'application/json; charset=utf-8', 'Vary': 'Origin, X-Origin, Referer', 'Content-Encoding': 'gzip', 'Server': 'scaffolding on HTTPServer2', 'X-XSS-Protection': '0', 'X-Frame-Options': 'SAMEORIGIN', 'X-Content-Type-Options': 'nosniff', 'Alt-Svc': 'h3=":443"; ma=2592000,h3-29=":443"; ma=2592000', 'Transfer-Encoding': 'chunked'} and content {
  "access_token": "ya29.a0AcM612y5ScPaAAV-c88UPE_RviPeHSyKb1bXC4pPGVVBwAMVJMHQS3GwkRLIXTMnFsqLuHfRAqwVLolkeXth-haiE_imzmQSNraUiBC0sWMnXCJ2XxBZazsLHWRQWgBfJfTDNq8veOOpoYRtZKr7P4Jm2Tw3h4iOBzaXjGNmwYdu8waCgYKAUESARESFQHGX2Mi78hgsYMwh0oWIb5LXTaz2A0181",
  "expires_in": 3599,
  "refresh_token": "1//03EbOO39kW4vXCgYIARAAGAMSNwF-L9IrdiJSrcYRyv6bKzgiR35Or6-igOG6vWxdamcIDc0sF7jyAo-efN8FUz69Fphqh3Z3g3s",
  "scope": "https://www.googleapis.com/auth/appengine.admin https://www.googleapis.com/auth/sqlservice.login https://www.googleapis.com/auth/accounts.reauth https://www.googleapis.com/auth/compute https://www.googleapis.com/auth/userinfo.email https://www.googleapis.com/auth/cloud-platform openid",
  "token_type": "Bearer",
  "id_token": "eyJhbGciOiJSUzI1NiIsImtpZCI6IjI4YTQyMWNhZmJlM2RkODg5MjcxZGY5MDBmNGJiZjE2ZGI1YzI0ZDQiLCJ0eXAiOiJKV1QifQ.eyJpc3MiOiJodHRwczovL2FjY291bnRzLmdvb2dsZS5jb20iLCJhenAiOiIzMjU1NTk0MDU1OS5hcHBzLmdvb2dsZXVzZXJjb250ZW50LmNvbSIsImF1ZCI6IjMyNTU1OTQwNTU5LmFwcHMuZ29vZ2xldXNlcmNvbnRlbnQuY29tIiwic3ViIjoiMTEyMjU4MTAxNDk1ODgwNDg1NTczIiwiZW1haWwiOiJtaWd0YXZhcmVzNkBnbWFpbC5jb20iLCJlbWFpbF92ZXJpZmllZCI6dHJ1ZSwiYXRfaGFzaCI6IjVuQ3FFR2tpME1QVkZEc3IzM21Gb1EiLCJpYXQiOjE3Mjc4MjQ5MjYsImV4cCI6MTcyNzgyODUyNn0.VDIe3bvPIId-yV5kSNIi5N_N9riyZtx1WHFirtU4myKkFrpbB92NB6UALz-lpPQzHyBmqIT2_f2BRfRpV15rVZYYfb_Iy4mEIl6n34t9tu_DFHLPCNjJwf3RfEABiftpWqV-Rkbcnxbg3lbQWVCG9Og7NiwpjsIU9sKGbRuAOxwjOvaKsOs9msyc89qMJ1YMFipl7GnTyJuEgEsXA_fRr9nZeCvlTlgZUCpRYSVLQ73g8rggJvQrodL0y-7_R3DmArQ2K6JBDbvZYZWqe4mIYDDdQJTG_TPf89MZhOQNkz4SthM7m1sUi4krin1HxmEVCSkOua4uVlxVJNl6Mw1xQA"
}.
2024-10-02 00:22:06,262 DEBUG    requests_oauthlib.oauth2_session Invoking 0 token response hooks.
2024-10-02 00:22:06,262 DEBUG    requests_oauthlib.oauth2_session Obtained token {'access_token': 'ya29.a0AcM612y5ScPaAAV-c88UPE_RviPeHSyKb1bXC4pPGVVBwAMVJMHQS3GwkRLIXTMnFsqLuHfRAqwVLolkeXth-haiE_imzmQSNraUiBC0sWMnXCJ2XxBZazsLHWRQWgBfJfTDNq8veOOpoYRtZKr7P4Jm2Tw3h4iOBzaXjGNmwYdu8waCgYKAUESARESFQHGX2Mi78hgsYMwh0oWIb5LXTaz2A0181', 'expires_in': 3599, 'refresh_token': '1//03EbOO39kW4vXCgYIARAAGAMSNwF-L9IrdiJSrcYRyv6bKzgiR35Or6-igOG6vWxdamcIDc0sF7jyAo-efN8FUz69Fphqh3Z3g3s', 'scope': ['https://www.googleapis.com/auth/appengine.admin', 'https://www.googleapis.com/auth/sqlservice.login', 'https://www.googleapis.com/auth/accounts.reauth', 'https://www.googleapis.com/auth/compute', 'https://www.googleapis.com/auth/userinfo.email', 'https://www.googleapis.com/auth/cloud-platform', 'openid'], 'token_type': 'Bearer', 'id_token': 'eyJhbGciOiJSUzI1NiIsImtpZCI6IjI4YTQyMWNhZmJlM2RkODg5MjcxZGY5MDBmNGJiZjE2ZGI1YzI0ZDQiLCJ0eXAiOiJKV1QifQ.eyJpc3MiOiJodHRwczovL2FjY291bnRzLmdvb2dsZS5jb20iLCJhenAiOiIzMjU1NTk0MDU1OS5hcHBzLmdvb2dsZXVzZXJjb250ZW50LmNvbSIsImF1ZCI6IjMyNTU1OTQwNTU5LmFwcHMuZ29vZ2xldXNlcmNvbnRlbnQuY29tIiwic3ViIjoiMTEyMjU4MTAxNDk1ODgwNDg1NTczIiwiZW1haWwiOiJtaWd0YXZhcmVzNkBnbWFpbC5jb20iLCJlbWFpbF92ZXJpZmllZCI6dHJ1ZSwiYXRfaGFzaCI6IjVuQ3FFR2tpME1QVkZEc3IzM21Gb1EiLCJpYXQiOjE3Mjc4MjQ5MjYsImV4cCI6MTcyNzgyODUyNn0.VDIe3bvPIId-yV5kSNIi5N_N9riyZtx1WHFirtU4myKkFrpbB92NB6UALz-lpPQzHyBmqIT2_f2BRfRpV15rVZYYfb_Iy4mEIl6n34t9tu_DFHLPCNjJwf3RfEABiftpWqV-Rkbcnxbg3lbQWVCG9Og7NiwpjsIU9sKGbRuAOxwjOvaKsOs9msyc89qMJ1YMFipl7GnTyJuEgEsXA_fRr9nZeCvlTlgZUCpRYSVLQ73g8rggJvQrodL0y-7_R3DmArQ2K6JBDbvZYZWqe4mIYDDdQJTG_TPf89MZhOQNkz4SthM7m1sUi4krin1HxmEVCSkOua4uVlxVJNl6Mw1xQA', 'expires_at': 1727828525.262125}.
2024-10-02 00:22:06,278 DEBUG    root            Chosen display Format:none
2024-10-02 00:22:06,279 INFO     root            Display format: "none"
2024-10-02 00:22:06,297 DEBUG    root            Checking for updates...
2024-10-02 00:22:06,299 DEBUG    urllib3.connectionpool Starting new HTTPS connection (1): dl.google.com:443
2024-10-02 00:22:06,410 DEBUG    urllib3.connectionpool https://dl.google.com:443 "GET /dl/cloudsdk/channels/rapid/components-2.json HTTP/1.1" 200 227002
2024-10-02 00:22:06,497 DEBUG    root            Updating notification cache...
2024-10-02 00:22:06,498 INFO     ___FILE_ONLY___ You are signed in as: [migtavares6@gmail.com].


2024-10-02 00:22:06,519 DEBUG    urllib3.connectionpool Starting new HTTPS connection (1): cloudresourcemanager.googleapis.com:443
2024-10-02 00:22:07,234 DEBUG    urllib3.connectionpool https://cloudresourcemanager.googleapis.com:443 "GET /v1/projects?alt=json&filter=lifecycleState%3AACTIVE&pageSize=201 HTTP/1.1" 200 None
2024-10-02 00:22:28,707 INFO     ___FILE_ONLY___ Your current project has been set to: [c3labs].


2024-10-02 00:22:28,799 DEBUG    root            Loaded Command Group: ['gcloud', 'compute']
2024-10-02 00:22:28,802 DEBUG    root            Loaded Command Group: ['gcloud', 'compute', 'project_info']
2024-10-02 00:22:28,819 DEBUG    root            Loaded Command Group: ['gcloud', 'compute', 'project-info', 'describe']
2024-10-02 00:22:28,819 INFO     root            Executing: [gcloud compute project-info describe --quiet]
2024-10-02 00:22:28,820 DEBUG    root            Running [gcloud.compute.project-info.describe] with arguments: [--no-user-output-enabled: "false", --quiet: "True", --verbosity: "none"]
2024-10-02 00:22:29,127 DEBUG    urllib3.connectionpool Starting new HTTPS connection (1): compute.googleapis.com:443
2024-10-02 00:22:29,667 DEBUG    urllib3.connectionpool https://compute.googleapis.com:443 "GET /compute/v1/projects/c3labs?alt=json HTTP/1.1" 200 None
2024-10-02 00:22:29,672 INFO     root            Display disabled.
2024-10-02 00:22:35,355 DEBUG    root            Loaded Command Group: ['gcloud', 'compute', 'zones']
2024-10-02 00:22:35,357 DEBUG    root            Loaded Command Group: ['gcloud', 'compute', 'zones', 'list']
2024-10-02 00:22:35,357 INFO     root            Executing: [gcloud compute zones list]
2024-10-02 00:22:35,358 DEBUG    root            Running [gcloud.compute.zones.list] with arguments: [--no-user-output-enabled: "false", --verbosity: "none"]
2024-10-02 00:22:35,364 INFO     root            Display disabled.
2024-10-02 00:22:35,365 DEBUG    urllib3.connectionpool Starting new HTTPS connection (1): compute.googleapis.com:443
2024-10-02 00:22:35,692 DEBUG    urllib3.connectionpool https://compute.googleapis.com:443 "GET /compute/v1/projects/c3labs/zones?alt=json&maxResults=500 HTTP/1.1" 200 None
2024-10-02 00:26:49,140 INFO     ___FILE_ONLY___ Your project default Compute Engine zone has been set to [europe-north1-a].
You can change it by running [gcloud config set compute/zone NAME].


2024-10-02 00:26:49,142 DEBUG    root            Loaded Command Group: ['gcloud', 'compute', 'regions']
2024-10-02 00:26:49,146 DEBUG    root            Loaded Command Group: ['gcloud', 'compute', 'regions', 'describe']
2024-10-02 00:26:49,147 INFO     root            Executing: [gcloud compute regions describe https://www.googleapis.com/compute/v1/projects/c3labs/regions/europe-north1]
2024-10-02 00:26:49,148 DEBUG    root            Running [gcloud.compute.regions.describe] with arguments: [--no-user-output-enabled: "false", --verbosity: "none", NAME: "https://www.googleapis.com/compute/v1/projects/c3labs/regions/europe-north1"]
2024-10-02 00:26:49,154 DEBUG    urllib3.connectionpool Starting new HTTPS connection (1): compute.googleapis.com:443
2024-10-02 00:26:49,967 DEBUG    urllib3.connectionpool https://compute.googleapis.com:443 "GET /compute/v1/projects/c3labs/regions/europe-north1?alt=json HTTP/1.1" 200 None
2024-10-02 00:26:49,972 INFO     root            Display disabled.
2024-10-02 00:26:49,977 INFO     ___FILE_ONLY___ Your project default Compute Engine region has been set to [europe-north1].
You can change it by running [gcloud config set compute/region NAME].


2024-10-02 00:26:49,977 DEBUG    root            Executing command: ['/Users/MiguelTavares/google-cloud-sdk/bin/gsutil', 'config', '-n', '-o', '/Users/MiguelTavares/.boto']
2024-10-02 00:26:52,361 DEBUG    ___FILE_ONLY___ 
2024-10-02 00:26:52,361 DEBUG    ___FILE_ONLY___ /Users/MiguelTavares/google-cloud-sdk/platform/gsutil/gslib/vendored/boto/boto/__init__.py:1105: SyntaxWarning: invalid escape sequence '\c'
  """
/Users/MiguelTavares/google-cloud-sdk/platform/gsutil/gslib/vendored/boto/boto/pyami/config.py:98: SyntaxWarning: invalid escape sequence '\s'
  match = re.match("^#import[\s\t]*([^\s^\t]*)[\s\t]*$", line)
/Users/MiguelTavares/google-cloud-sdk/platform/gsutil/third_party/pyasn1/pyasn1/type/constraint.py:100: SyntaxWarning: invalid escape sequence '\*'
  """Create a SingleValueConstraint object.
/Users/MiguelTavares/google-cloud-sdk/platform/gsutil/third_party/pyasn1/pyasn1/type/constraint.py:141: SyntaxWarning: invalid escape sequence '\*'
  """Create a ContainedSubtypeConstraint object.
/Users/MiguelTavares/google-cloud-sdk/platform/gsutil/third_party/pyasn1/pyasn1/type/constraint.py:301: SyntaxWarning: invalid escape sequence '\*'
  """Create a PermittedAlphabetConstraint object.
/Users/MiguelTavares/google-cloud-sdk/platform/gsutil/third_party/pyasn1/pyasn1/type/constraint.py:457: SyntaxWarning: invalid escape sequence '\*'
  """Create a ConstraintsIntersection logic operator object.
/Users/MiguelTavares/google-cloud-sdk/platform/gsutil/third_party/pyasn1/pyasn1/type/constraint.py:501: SyntaxWarning: invalid escape sequence '\*'
  """Create a ConstraintsUnion logic operator object.
/Users/MiguelTavares/google-cloud-sdk/platform/gsutil/third_party/pyasn1/pyasn1/type/namedval.py:15: SyntaxWarning: invalid escape sequence '\*'
  """Create named values object.
/Users/MiguelTavares/google-cloud-sdk/platform/gsutil/gslib/vendored/boto/boto/connection.py:672: SyntaxWarning: invalid escape sequence '\w'
  '(?:(?P<user>[\w\-\.]+):(?P<pass>.*)@)?'
/Users/MiguelTavares/google-cloud-sdk/platform/gsutil/gslib/vendored/boto/boto/connection.py:673: SyntaxWarning: invalid escape sequence '\w'
  '(?P<host>[\w\-\.]+)'
/Users/MiguelTavares/google-cloud-sdk/platform/gsutil/gslib/vendored/boto/boto/connection.py:674: SyntaxWarning: invalid escape sequence '\d'
  '(?::(?P<port>\d+))?'
/Users/MiguelTavares/google-cloud-sdk/platform/gsutil/gslib/vendored/boto/boto/connection.py:1121: SyntaxWarning: invalid escape sequence '\.'
  'specific endpoint this request was sent to\.'
/Users/MiguelTavares/google-cloud-sdk/platform/gsutil/gslib/vendored/boto/boto/https_connection.py:80: SyntaxWarning: invalid escape sequence '\.'
  host_re = host.replace('.', '\.').replace('*', '[^.]*')
This command will create a boto config file at
/Users/MiguelTavares/.boto containing your credentials, based on your
responses to the following questions.

Boto config file "/Users/MiguelTavares/.boto" created. If you need to
use a proxy to access the Internet please see the instructions in that
file.

2024-10-02 00:26:52,361 INFO     ___FILE_ONLY___ Created a default .boto configuration file at [/Users/MiguelTavares/.boto]. See this file and
[https://cloud.google.com/storage/docs/gsutil/commands/config] for more
information about configuring Google Cloud Storage.

2024-10-02 00:26:52,361 INFO     ___FILE_ONLY___ The Google Cloud CLI is configured and ready to use!


2024-10-02 00:26:52,362 INFO     ___FILE_ONLY___ * Commands that require authentication will use migtavares6@gmail.com by default

2024-10-02 00:26:52,362 INFO     ___FILE_ONLY___ * Commands will reference project `c3labs` by default

2024-10-02 00:26:52,362 INFO     ___FILE_ONLY___ * Compute Engine commands will use region `europe-north1` by default

2024-10-02 00:26:52,362 INFO     ___FILE_ONLY___ * Compute Engine commands will use zone `europe-north1-a` by default


2024-10-02 00:26:52,362 INFO     ___FILE_ONLY___ Run `gcloud help config` to learn how to change individual settings


2024-10-02 00:26:52,362 INFO     ___FILE_ONLY___ This gcloud configuration is called [default]. You can create additional configurations if you work with multiple accounts and/or projects.

2024-10-02 00:26:52,362 INFO     ___FILE_ONLY___ Run `gcloud topic configurations` to learn more.


2024-10-02 00:26:52,362 INFO     ___FILE_ONLY___ Some things to try next:


2024-10-02 00:26:52,362 INFO     ___FILE_ONLY___ * Run `gcloud --help` to see the Cloud Platform services you can interact with. And run `gcloud help COMMAND` to get help on any gcloud command.

2024-10-02 00:26:52,362 INFO     ___FILE_ONLY___ * Run `gcloud topic --help` to learn about advanced features of the CLI like arg files and output formatting

2024-10-02 00:26:52,362 INFO     ___FILE_ONLY___ * Run `gcloud cheat-sheet` to see a roster of go-to `gcloud` commands.

2024-10-02 00:26:52,362 DEBUG    root            Chosen display Format:default
2024-10-02 00:26:52,363 INFO     root            Display format: "default"
